-------------------------------------------------------------------------------
Test set: org.example.repository.IncomeRepositoryTest
-------------------------------------------------------------------------------
Tests run: 2, Failures: 1, Errors: 0, Skipped: 0, Time elapsed: 0.259 s <<< FAILURE! - in org.example.repository.IncomeRepositoryTest
testRepo  Time elapsed: 0.163 s  <<< FAILURE!
org.opentest4j.AssertionFailedError: expected: <10> but was: <11>
	at org.example.repository.IncomeRepositoryTest.testRepo(IncomeRepositoryTest.java:25)

